<?xml version="1.0" encoding="UTF-8"?>
<!-- Generated by org.testng.reporters.JUnitReportReporter -->
<testsuite hostname="DESKTOP-AH0HSCT" failures="0" tests="1" name="pages.AppTest" time="0.013" errors="0" timestamp="2021-06-23T18:16:32 CDT" skipped="0">
  <testcase classname="pages.AppTest" name="setUp" time="0.013"/>
  <system-out/>
</testsuite> <!-- pages.AppTest -->
