<?xml version="1.0" encoding="UTF-8"?>
<!-- Generated by org.testng.reporters.JUnitReportReporter -->
<testsuite hostname="DESKTOP-AH0HSCT" failures="0" tests="1" name="com.automation.Test.AppTest" time="0.014" errors="0" timestamp="2021-06-23T18:13:10 CDT" skipped="0">
  <testcase classname="com.automation.Test.AppTest" name="setUp" time="0.014"/>
  <system-out/>
</testsuite> <!-- com.automation.Test.AppTest -->
