<?xml version="1.0" encoding="UTF-8"?>
<!-- Generated by org.testng.reporters.JUnitReportReporter -->
<testsuite hostname="DESKTOP-AH0HSCT" failures="0" tests="2" name="testScripts.PracticeForm" time="3.631" errors="0" timestamp="2021-06-24T00:13:21 CDT" skipped="0">
  <testcase classname="testScripts.PracticeForm" name="incompleteForm" time="0.100"/>
  <system-out/>
  <testcase classname="testScripts.PracticeForm" name="happyPath" time="3.531"/>
  <system-out/>
</testsuite> <!-- testScripts.PracticeForm -->
